TN:
SF:src/context/AuthContext.tsx
FN:27,(anonymous_0)
FN:28,(anonymous_1)
FN:29,(anonymous_2)
FN:30,(anonymous_3)
FN:31,(anonymous_4)
FN:34,setTokens
FN:39,clearTokens
FN:44,getAccessToken
FN:49,getRefreshToken
FN:54,AuthProvider
FN:59,(anonymous_10)
FN:63,(anonymous_11)
FN:67,(anonymous_12)
FN:74,(anonymous_13)
FN:75,(anonymous_14)
FN:88,refresh
FN:96,(anonymous_16)
FN:110,(anonymous_17)
FN:117,(anonymous_18)
FN:126,(anonymous_19)
FN:132,(anonymous_20)
FN:133,(anonymous_21)
FN:151,useAuth
FNF:23
FNH:12
FNDA:0,(anonymous_0)
FNDA:0,(anonymous_1)
FNDA:0,(anonymous_2)
FNDA:0,(anonymous_3)
FNDA:0,(anonymous_4)
FNDA:5,setTokens
FNDA:1,clearTokens
FNDA:0,getAccessToken
FNDA:5,getRefreshToken
FNDA:8,AuthProvider
FNDA:3,(anonymous_10)
FNDA:0,(anonymous_11)
FNDA:0,(anonymous_12)
FNDA:3,(anonymous_13)
FNDA:3,(anonymous_14)
FNDA:2,refresh
FNDA:3,(anonymous_16)
FNDA:0,(anonymous_17)
FNDA:1,(anonymous_18)
FNDA:1,(anonymous_19)
FNDA:0,(anonymous_20)
FNDA:0,(anonymous_21)
FNDA:8,useAuth
DA:22,1
DA:35,5
DA:36,5
DA:40,1
DA:41,1
DA:45,0
DA:46,0
DA:50,5
DA:51,5
DA:55,8
DA:56,8
DA:57,8
DA:59,8
DA:60,3
DA:64,0
DA:65,0
DA:68,0
DA:69,0
DA:74,8
DA:75,3
DA:76,3
DA:77,3
DA:78,3
DA:79,1
DA:80,1
DA:81,1
DA:84,3
DA:89,2
DA:90,2
DA:91,2
DA:92,2
DA:93,2
DA:96,8
DA:97,3
DA:98,3
DA:99,3
DA:100,3
DA:101,3
DA:102,3
DA:103,3
DA:110,8
DA:111,0
DA:112,0
DA:113,0
DA:114,0
DA:117,8
DA:118,1
DA:119,1
DA:121,1
DA:122,1
DA:123,1
DA:126,8
DA:127,1
DA:128,1
DA:129,1
DA:132,8
DA:133,0
DA:136,8
DA:148,8
DA:152,8
LF:60
LH:49
BRDA:46,0,0,0
BRDA:46,0,1,0
BRDA:51,1,0,5
BRDA:51,1,1,2
BRDA:78,2,0,1
BRDA:78,2,1,2
BRDA:90,3,0,0
BRDA:90,3,1,2
BRDA:105,4,0,3
BRDA:105,4,1,0
BRDA:133,5,0,0
BRDA:133,5,1,0
BRF:12
BRH:6
end_of_record
TN:
SF:src/services/api/cart.api.ts
FN:42,mapItem
FN:70,mapCart
FN:72,(anonymous_2)
FN:85,(anonymous_3)
FN:98,normalizeCartResponse
FN:103,getCart
FN:108,addItem
FN:114,updateItemQuantity
FN:120,removeItem
FN:124,clearCart
FN:128,applyPromoCode
FN:140,removePromoCode
FNF:12
FNH:9
FNDA:3,mapItem
FNDA:1,mapCart
FNDA:0,(anonymous_2)
FNDA:0,(anonymous_3)
FNDA:1,normalizeCartResponse
FNDA:1,getCart
FNDA:1,addItem
FNDA:1,updateItemQuantity
FNDA:1,removeItem
FNDA:1,clearCart
FNDA:1,applyPromoCode
FNDA:0,removePromoCode
DA:43,3
DA:44,3
DA:58,3
DA:71,1
DA:72,1
DA:73,1
DA:74,1
DA:75,1
DA:84,1
DA:85,1
DA:86,1
DA:99,1
DA:100,1
DA:104,1
DA:105,1
DA:109,1
DA:110,1
DA:111,1
DA:115,1
DA:116,1
DA:117,1
DA:121,1
DA:125,1
DA:129,1
DA:130,1
DA:131,1
DA:141,0
LF:27
LH:26
BRDA:43,0,0,3
BRDA:43,0,1,0
BRDA:45,1,0,3
BRDA:45,1,1,0
BRDA:46,2,0,3
BRDA:46,2,1,0
BRDA:47,3,0,3
BRDA:47,3,1,0
BRDA:48,4,0,3
BRDA:48,4,1,0
BRDA:49,5,0,3
BRDA:49,5,1,0
BRDA:49,5,2,0
BRDA:50,6,0,3
BRDA:50,6,1,0
BRDA:51,7,0,3
BRDA:51,7,1,0
BRDA:52,8,0,0
BRDA:52,8,1,3
BRDA:52,9,0,0
BRDA:52,9,1,3
BRDA:53,10,0,0
BRDA:53,10,1,3
BRDA:54,11,0,3
BRDA:54,11,1,3
BRDA:55,12,0,0
BRDA:55,12,1,3
BRDA:56,13,0,3
BRDA:56,13,1,0
BRDA:59,14,0,3
BRDA:59,14,1,0
BRDA:59,14,2,0
BRDA:60,15,0,3
BRDA:60,15,1,0
BRDA:62,16,0,0
BRDA:62,16,1,3
BRDA:63,17,0,0
BRDA:63,17,1,3
BRDA:64,18,0,3
BRDA:64,18,1,0
BRDA:65,19,0,3
BRDA:65,19,1,0
BRDA:65,19,2,0
BRDA:66,20,0,3
BRDA:66,20,1,0
BRDA:66,21,0,0
BRDA:66,21,1,0
BRDA:66,21,2,0
BRDA:66,22,0,0
BRDA:66,22,1,0
BRDA:71,23,0,1
BRDA:71,23,1,0
BRDA:72,24,0,1
BRDA:72,24,1,0
BRDA:73,25,0,1
BRDA:73,25,1,0
BRDA:74,26,0,1
BRDA:74,26,1,0
BRDA:75,27,0,1
BRDA:75,27,1,0
BRDA:77,28,0,1
BRDA:77,28,1,0
BRDA:78,29,0,1
BRDA:78,29,1,0
BRDA:79,30,0,1
BRDA:79,30,1,0
BRDA:80,31,0,1
BRDA:80,31,1,0
BRDA:81,32,0,1
BRDA:81,32,1,0
BRDA:84,33,0,1
BRDA:84,33,1,0
BRDA:84,34,0,0
BRDA:84,34,1,0
BRDA:85,35,0,1
BRDA:85,35,1,0
BRDA:87,36,0,1
BRDA:87,36,1,0
BRDA:87,36,2,0
BRDA:99,37,0,1
BRDA:99,37,1,0
BRDA:110,38,0,1
BRDA:110,38,1,1
BRDA:116,39,0,1
BRDA:116,39,1,1
BRDA:130,40,0,1
BRDA:130,40,1,1
BRDA:132,41,0,1
BRDA:132,41,1,0
BRDA:133,42,0,1
BRDA:133,42,1,0
BRDA:134,43,0,1
BRDA:134,43,1,0
BRDA:135,44,0,1
BRDA:135,44,1,0
BRDA:136,45,0,1
BRDA:136,45,1,0
BRF:97
BRH:47
end_of_record
