TN:
SF:src/context/AuthContext.tsx
FN:27,(anonymous_0)
FN:28,(anonymous_1)
FN:29,(anonymous_2)
FN:30,(anonymous_3)
FN:31,(anonymous_4)
FN:34,setTokens
FN:39,clearTokens
FN:44,getAccessToken
FN:49,getRefreshToken
FN:54,AuthProvider
FN:59,(anonymous_10)
FN:63,(anonymous_11)
FN:67,(anonymous_12)
FN:74,(anonymous_13)
FN:75,(anonymous_14)
FN:88,refresh
FN:96,(anonymous_16)
FN:110,(anonymous_17)
FN:117,(anonymous_18)
FN:126,(anonymous_19)
FN:132,(anonymous_20)
FN:133,(anonymous_21)
FN:151,useGlowAuth
FNF:23
FNH:12
FNDA:0,(anonymous_0)
FNDA:0,(anonymous_1)
FNDA:0,(anonymous_2)
FNDA:0,(anonymous_3)
FNDA:0,(anonymous_4)
FNDA:5,setTokens
FNDA:1,clearTokens
FNDA:0,getAccessToken
FNDA:5,getRefreshToken
FNDA:8,AuthProvider
FNDA:3,(anonymous_10)
FNDA:0,(anonymous_11)
FNDA:0,(anonymous_12)
FNDA:3,(anonymous_13)
FNDA:3,(anonymous_14)
FNDA:2,refresh
FNDA:3,(anonymous_16)
FNDA:0,(anonymous_17)
FNDA:1,(anonymous_18)
FNDA:1,(anonymous_19)
FNDA:0,(anonymous_20)
FNDA:0,(anonymous_21)
FNDA:17,useGlowAuth
DA:22,2
DA:35,5
DA:36,5
DA:40,1
DA:41,1
DA:45,0
DA:46,0
DA:50,5
DA:51,5
DA:55,8
DA:56,8
DA:57,8
DA:59,8
DA:60,3
DA:64,0
DA:65,0
DA:68,0
DA:69,0
DA:74,8
DA:75,3
DA:76,3
DA:77,3
DA:78,3
DA:79,1
DA:80,1
DA:81,1
DA:84,3
DA:89,2
DA:90,2
DA:91,2
DA:92,2
DA:93,2
DA:96,8
DA:97,3
DA:98,3
DA:99,3
DA:100,3
DA:101,3
DA:102,3
DA:103,3
DA:110,8
DA:111,0
DA:112,0
DA:113,0
DA:114,0
DA:117,8
DA:118,1
DA:119,1
DA:121,1
DA:122,1
DA:123,1
DA:126,8
DA:127,1
DA:128,1
DA:129,1
DA:132,8
DA:133,0
DA:136,8
DA:148,8
DA:152,17
LF:60
LH:49
BRDA:46,0,0,0
BRDA:46,0,1,0
BRDA:51,1,0,5
BRDA:51,1,1,2
BRDA:78,2,0,1
BRDA:78,2,1,2
BRDA:90,3,0,0
BRDA:90,3,1,2
BRDA:105,4,0,3
BRDA:105,4,1,0
BRDA:133,5,0,0
BRDA:133,5,1,0
BRF:12
BRH:6
end_of_record
TN:
SF:src/services/api/cart.api.ts
FN:44,mapItem
FN:72,mapCart
FN:74,(anonymous_2)
FN:87,(anonymous_3)
FN:100,normalizeCartResponse
FN:105,getCart
FN:116,addItem
FN:124,(anonymous_7)
FN:126,(anonymous_8)
FN:148,updateItemQuantity
FN:156,(anonymous_10)
FN:166,removeItem
FN:172,(anonymous_12)
FN:178,clearCart
FN:186,applyPromoCode
FN:200,(anonymous_15)
FN:215,removePromoCode
FN:227,recalc
FN:229,(anonymous_18)
FN:234,(anonymous_19)
FNF:20
FNH:19
FNDA:7,mapItem
FNDA:3,mapCart
FNDA:1,(anonymous_2)
FNDA:1,(anonymous_3)
FNDA:1,normalizeCartResponse
FNDA:3,getCart
FNDA:2,addItem
FNDA:1,(anonymous_7)
FNDA:0,(anonymous_8)
FNDA:2,updateItemQuantity
FNDA:1,(anonymous_10)
FNDA:2,removeItem
FNDA:2,(anonymous_12)
FNDA:2,clearCart
FNDA:2,applyPromoCode
FNDA:1,(anonymous_15)
FNDA:1,removePromoCode
FNDA:5,recalc
FNDA:5,(anonymous_18)
FNDA:5,(anonymous_19)
DA:45,7
DA:46,7
DA:60,7
DA:73,3
DA:74,3
DA:75,3
DA:76,3
DA:77,3
DA:86,3
DA:87,3
DA:88,3
DA:101,1
DA:102,1
DA:106,3
DA:107,3
DA:108,1
DA:110,2
DA:111,2
DA:112,2
DA:117,2
DA:118,2
DA:119,1
DA:120,1
DA:122,1
DA:123,1
DA:124,1
DA:125,1
DA:126,1
DA:127,1
DA:128,0
DA:129,0
DA:131,1
DA:140,1
DA:142,1
DA:143,1
DA:144,1
DA:149,2
DA:150,2
DA:151,1
DA:152,1
DA:154,1
DA:155,1
DA:156,1
DA:157,1
DA:158,1
DA:159,1
DA:160,1
DA:161,1
DA:162,1
DA:167,2
DA:168,2
DA:170,1
DA:171,1
DA:172,2
DA:173,1
DA:174,1
DA:179,2
DA:180,2
DA:182,1
DA:187,2
DA:188,2
DA:189,1
DA:190,1
DA:198,1
DA:199,1
DA:200,1
DA:201,1
DA:202,1
DA:209,1
DA:210,1
DA:211,1
DA:216,1
DA:217,1
DA:219,1
DA:220,1
DA:221,1
DA:222,1
DA:223,1
DA:228,5
DA:229,5
DA:230,5
DA:231,5
DA:232,5
DA:233,5
DA:234,5
DA:235,5
LF:86
LH:84
BRDA:45,0,0,7
BRDA:45,0,1,0
BRDA:47,1,0,7
BRDA:47,1,1,0
BRDA:48,2,0,7
BRDA:48,2,1,0
BRDA:49,3,0,7
BRDA:49,3,1,0
BRDA:50,4,0,7
BRDA:50,4,1,0
BRDA:51,5,0,7
BRDA:51,5,1,0
BRDA:51,5,2,0
BRDA:52,6,0,7
BRDA:52,6,1,1
BRDA:53,7,0,7
BRDA:53,7,1,1
BRDA:54,8,0,0
BRDA:54,8,1,7
BRDA:54,9,0,3
BRDA:54,9,1,4
BRDA:55,10,0,0
BRDA:55,10,1,7
BRDA:56,11,0,7
BRDA:56,11,1,4
BRDA:57,12,0,4
BRDA:57,12,1,3
BRDA:58,13,0,7
BRDA:58,13,1,0
BRDA:61,14,0,7
BRDA:61,14,1,0
BRDA:61,14,2,0
BRDA:62,15,0,7
BRDA:62,15,1,0
BRDA:64,16,0,0
BRDA:64,16,1,7
BRDA:65,17,0,0
BRDA:65,17,1,7
BRDA:66,18,0,7
BRDA:66,18,1,0
BRDA:67,19,0,7
BRDA:67,19,1,0
BRDA:67,19,2,0
BRDA:68,20,0,7
BRDA:68,20,1,0
BRDA:68,21,0,0
BRDA:68,21,1,0
BRDA:68,21,2,0
BRDA:68,22,0,0
BRDA:68,22,1,0
BRDA:73,23,0,3
BRDA:73,23,1,0
BRDA:74,24,0,3
BRDA:74,24,1,1
BRDA:75,25,0,3
BRDA:75,25,1,1
BRDA:76,26,0,3
BRDA:76,26,1,1
BRDA:77,27,0,1
BRDA:77,27,1,2
BRDA:79,28,0,1
BRDA:79,28,1,0
BRDA:80,29,0,1
BRDA:80,29,1,0
BRDA:81,30,0,1
BRDA:81,30,1,0
BRDA:82,31,0,1
BRDA:82,31,1,0
BRDA:83,32,0,1
BRDA:83,32,1,0
BRDA:86,33,0,3
BRDA:86,33,1,1
BRDA:86,34,0,1
BRDA:86,34,1,1
BRDA:87,35,0,3
BRDA:87,35,1,1
BRDA:89,36,0,3
BRDA:89,36,1,0
BRDA:89,36,2,0
BRDA:101,37,0,1
BRDA:101,37,1,0
BRDA:111,38,0,2
BRDA:111,38,1,0
BRDA:119,39,0,1
BRDA:119,39,1,1
BRDA:123,40,0,0
BRDA:123,40,1,1
BRDA:125,41,0,0
BRDA:125,41,1,1
BRDA:126,42,0,0
BRDA:126,42,1,0
BRDA:126,43,0,0
BRDA:126,43,1,0
BRDA:127,44,0,0
BRDA:127,44,1,1
BRDA:129,45,0,0
BRDA:129,45,1,0
BRDA:135,46,0,1
BRDA:135,46,1,1
BRDA:151,47,0,1
BRDA:151,47,1,1
BRDA:155,48,0,1
BRDA:155,48,1,0
BRDA:157,49,0,0
BRDA:157,49,1,1
BRDA:171,50,0,1
BRDA:171,50,1,0
BRDA:189,51,0,1
BRDA:189,51,1,1
BRDA:191,52,0,1
BRDA:191,52,1,0
BRDA:192,53,0,1
BRDA:192,53,1,0
BRDA:193,54,0,1
BRDA:193,54,1,0
BRDA:194,55,0,1
BRDA:194,55,1,0
BRDA:195,56,0,1
BRDA:195,56,1,0
BRDA:199,57,0,1
BRDA:199,57,1,0
BRDA:220,58,0,1
BRDA:220,58,1,0
BRDA:228,59,0,5
BRDA:228,59,1,0
BRDA:229,60,0,5
BRDA:229,60,1,0
BRDA:233,61,0,5
BRDA:233,61,1,4
BRDA:234,62,0,5
BRDA:234,62,1,0
BRDA:235,63,0,5
BRDA:235,63,1,0
BRF:133
BRH:76
end_of_record
